<?xml version="1.0" encoding="UTF-8"?>
<!-- Generated by org.testng.reporters.JUnitReportReporter -->
<testsuite hostname="DESKTOP-K9P6RPN" failures="0" tests="1" name="testcase.TC_001_RegistrationPage" time="12.408" errors="0" timestamp="2022-12-23T17:14:55 IST" skipped="0">
  <testcase classname="testcase.TC_001_RegistrationPage" name="test_account_Registration" time="12.408"/>
  <system-out/>
</testsuite> <!-- testcase.TC_001_RegistrationPage -->
